C:\Program Files (x86)\Microsoft Visual Studio\2019\Community\MSBuild\Microsoft\VC\v160\Microsoft.CppBuild.targets(513,5): warning MSB8028: El directorio intermedio (C:\Users\Alan\Desktop\facu\desarrollo 1\Asteroids\AsteroidsR\objWin32Debug\) contiene archivos compartidos de otro proyecto (pong.vcxproj). Esto puede dar lugar a un comportamiento incorrecto de limpieza y recompilación.
  credits.cpp
C:\Users\Alan\Desktop\facu\desarrollo 1\Asteroids\AsteroidsR\pong\credits.cpp(36,44): warning C4244: '=': conversión de 'int' a 'float'; posible pérdida de datos
C:\Users\Alan\Desktop\facu\desarrollo 1\Asteroids\AsteroidsR\pong\credits.cpp(38,45): warning C4244: '=': conversión de 'int' a 'float'; posible pérdida de datos
  instructions.cpp
C:\Users\Alan\Desktop\facu\desarrollo 1\Asteroids\AsteroidsR\pong\instructions.cpp(36,44): warning C4244: '=': conversión de 'int' a 'float'; posible pérdida de datos
C:\Users\Alan\Desktop\facu\desarrollo 1\Asteroids\AsteroidsR\pong\instructions.cpp(38,45): warning C4244: '=': conversión de 'int' a 'float'; posible pérdida de datos
  Juego.cpp
  main.cpp
  menu.cpp
C:\Users\Alan\Desktop\facu\desarrollo 1\Asteroids\AsteroidsR\pong\menu.cpp(22,44): warning C4244: '=': conversión de 'int' a 'float'; posible pérdida de datos
C:\Users\Alan\Desktop\facu\desarrollo 1\Asteroids\AsteroidsR\pong\menu.cpp(24,45): warning C4244: '=': conversión de 'int' a 'float'; posible pérdida de datos
C:\Users\Alan\Desktop\facu\desarrollo 1\Asteroids\AsteroidsR\pong\menu.cpp(47,44): warning C4244: '=': conversión de 'int' a 'float'; posible pérdida de datos
C:\Users\Alan\Desktop\facu\desarrollo 1\Asteroids\AsteroidsR\pong\menu.cpp(49,45): warning C4244: '=': conversión de 'int' a 'float'; posible pérdida de datos
  raylibtest.cpp
  run.cpp
  Generando código...
  raylib.lib(core.obj) : se encontró .netmodule MSIL o un módulo compilado con /GL; reiniciando la vinculación con /LTCG; agregue /LTCG a la línea de comandos de vínculo para mejorar el rendimiento del vinculador
LINK : warning LNK4075: se omite '/INCREMENTAL' debido a la especificación '/LTCG'
LINK : warning LNK4098: la biblioteca predeterminada'MSVCRT' entra en conflicto con otras bibliotecas; use la biblioteca /NODEFAULTLIB:biblioteca
  Generando código
  Generación de código finalizada
raylib.lib(core.obj) : warning LNK4099: no se encontró PDB 'raylib.pdb' con 'raylib.lib(core.obj)' o en 'C:\Users\Alan\Desktop\facu\desarrollo 1\Asteroids\AsteroidsR\binDebugWin32\raylib.pdb'; se vinculará el objeto sin tener en cuenta información de depuración
raylib.lib(shapes.obj) : warning LNK4099: no se encontró PDB 'raylib.pdb' con 'raylib.lib(shapes.obj)' o en 'C:\Users\Alan\Desktop\facu\desarrollo 1\Asteroids\AsteroidsR\binDebugWin32\raylib.pdb'; se vinculará el objeto sin tener en cuenta información de depuración
raylib.lib(textures.obj) : warning LNK4099: no se encontró PDB 'raylib.pdb' con 'raylib.lib(textures.obj)' o en 'C:\Users\Alan\Desktop\facu\desarrollo 1\Asteroids\AsteroidsR\binDebugWin32\raylib.pdb'; se vinculará el objeto sin tener en cuenta información de depuración
raylib.lib(text.obj) : warning LNK4099: no se encontró PDB 'raylib.pdb' con 'raylib.lib(text.obj)' o en 'C:\Users\Alan\Desktop\facu\desarrollo 1\Asteroids\AsteroidsR\binDebugWin32\raylib.pdb'; se vinculará el objeto sin tener en cuenta información de depuración
raylib.lib(raudio.obj) : warning LNK4099: no se encontró PDB 'raylib.pdb' con 'raylib.lib(raudio.obj)' o en 'C:\Users\Alan\Desktop\facu\desarrollo 1\Asteroids\AsteroidsR\binDebugWin32\raylib.pdb'; se vinculará el objeto sin tener en cuenta información de depuración
raylib.lib(rglfw.obj) : warning LNK4099: no se encontró PDB 'raylib.pdb' con 'raylib.lib(rglfw.obj)' o en 'C:\Users\Alan\Desktop\facu\desarrollo 1\Asteroids\AsteroidsR\binDebugWin32\raylib.pdb'; se vinculará el objeto sin tener en cuenta información de depuración
raylib.lib(utils.obj) : warning LNK4099: no se encontró PDB 'raylib.pdb' con 'raylib.lib(utils.obj)' o en 'C:\Users\Alan\Desktop\facu\desarrollo 1\Asteroids\AsteroidsR\binDebugWin32\raylib.pdb'; se vinculará el objeto sin tener en cuenta información de depuración
  pong.vcxproj -> C:\Users\Alan\Desktop\facu\desarrollo 1\Asteroids\AsteroidsR\binDebugWin32\asteroids.exe
