C:\Program Files (x86)\Microsoft Visual Studio\2019\Community\MSBuild\Microsoft\VC\v160\Microsoft.CppBuild.targets(513,5): warning MSB8028: El directorio intermedio (C:\Users\Alan\Desktop\facu\desarrollo 1\Asteroids\AsteroidsR\objWin32Release\) contiene archivos compartidos de otro proyecto (pong.vcxproj). Esto puede dar lugar a un comportamiento incorrecto de limpieza y recompilación.
  credits.cpp
C:\Users\Alan\Desktop\facu\desarrollo 1\Asteroids\AsteroidsR\pong\credits.cpp(36,44): warning C4244: '=': conversión de 'int' a 'float'; posible pérdida de datos
C:\Users\Alan\Desktop\facu\desarrollo 1\Asteroids\AsteroidsR\pong\credits.cpp(38,45): warning C4244: '=': conversión de 'int' a 'float'; posible pérdida de datos
  Juego.cpp
  menu.cpp
C:\Users\Alan\Desktop\facu\desarrollo 1\Asteroids\AsteroidsR\pong\menu.cpp(22,44): warning C4244: '=': conversión de 'int' a 'float'; posible pérdida de datos
C:\Users\Alan\Desktop\facu\desarrollo 1\Asteroids\AsteroidsR\pong\menu.cpp(24,45): warning C4244: '=': conversión de 'int' a 'float'; posible pérdida de datos
C:\Users\Alan\Desktop\facu\desarrollo 1\Asteroids\AsteroidsR\pong\menu.cpp(47,44): warning C4244: '=': conversión de 'int' a 'float'; posible pérdida de datos
C:\Users\Alan\Desktop\facu\desarrollo 1\Asteroids\AsteroidsR\pong\menu.cpp(49,45): warning C4244: '=': conversión de 'int' a 'float'; posible pérdida de datos
  run.cpp
C:\Users\Alan\Desktop\facu\desarrollo 1\Asteroids\AsteroidsR\pong\juego.h(10,14): error C3646: 'body': especificador de invalidación desconocido
C:\Users\Alan\Desktop\facu\desarrollo 1\Asteroids\AsteroidsR\pong\juego.h(10,18): error C4430: falta el especificador de tipo; se presupone int. Nota: C++ no admite default-int
C:\Users\Alan\Desktop\facu\desarrollo 1\Asteroids\AsteroidsR\pong\juego.h(11,12): error C3646: 'speed': especificador de invalidación desconocido
C:\Users\Alan\Desktop\facu\desarrollo 1\Asteroids\AsteroidsR\pong\juego.h(11,17): error C4430: falta el especificador de tipo; se presupone int. Nota: C++ no admite default-int
C:\Users\Alan\Desktop\facu\desarrollo 1\Asteroids\AsteroidsR\pong\juego.h(13,10): error C3646: 'color': especificador de invalidación desconocido
C:\Users\Alan\Desktop\facu\desarrollo 1\Asteroids\AsteroidsR\pong\juego.h(13,15): error C4430: falta el especificador de tipo; se presupone int. Nota: C++ no admite default-int
C:\Users\Alan\Desktop\facu\desarrollo 1\Asteroids\AsteroidsR\pong\juego.h(17,14): error C3646: 'body': especificador de invalidación desconocido
C:\Users\Alan\Desktop\facu\desarrollo 1\Asteroids\AsteroidsR\pong\juego.h(17,18): error C4430: falta el especificador de tipo; se presupone int. Nota: C++ no admite default-int
C:\Users\Alan\Desktop\facu\desarrollo 1\Asteroids\AsteroidsR\pong\juego.h(18,12): error C3646: 'speed': especificador de invalidación desconocido
C:\Users\Alan\Desktop\facu\desarrollo 1\Asteroids\AsteroidsR\pong\juego.h(18,17): error C4430: falta el especificador de tipo; se presupone int. Nota: C++ no admite default-int
C:\Users\Alan\Desktop\facu\desarrollo 1\Asteroids\AsteroidsR\pong\juego.h(24,14): error C3646: 'body': especificador de invalidación desconocido
C:\Users\Alan\Desktop\facu\desarrollo 1\Asteroids\AsteroidsR\pong\juego.h(24,18): error C4430: falta el especificador de tipo; se presupone int. Nota: C++ no admite default-int
C:\Users\Alan\Desktop\facu\desarrollo 1\Asteroids\AsteroidsR\pong\juego.h(25,12): error C3646: 'speed': especificador de invalidación desconocido
C:\Users\Alan\Desktop\facu\desarrollo 1\Asteroids\AsteroidsR\pong\juego.h(25,17): error C4430: falta el especificador de tipo; se presupone int. Nota: C++ no admite default-int
C:\Users\Alan\Desktop\facu\desarrollo 1\Asteroids\AsteroidsR\pong\juego.h(28,10): error C3646: 'color': especificador de invalidación desconocido
C:\Users\Alan\Desktop\facu\desarrollo 1\Asteroids\AsteroidsR\pong\juego.h(28,15): error C4430: falta el especificador de tipo; se presupone int. Nota: C++ no admite default-int
  Generando código...
